<?xml version="1.0" encoding="UTF-8"?>
<!-- Generated by org.testng.reporters.JUnitReportReporter -->
<testsuite skipped="0" hostname="CDC2-D-CH0NXJ2" name="greenfield_pack.Test2" tests="1" failures="0" timestamp="15 Jul 2019 07:09:47 GMT" time="149.425" errors="0">
  <testcase name="f" time="149.425" classname="greenfield_pack.Test2"/>
</testsuite> <!-- greenfield_pack.Test2 -->
