<?xml version="1.0" encoding="UTF-8"?>
<!-- Generated by org.testng.reporters.JUnitReportReporter -->
<testsuite skipped="0" hostname="CDC2-D-CH0NXJ2" name="greenfield_pack.Test6_reports" tests="1" failures="0" timestamp="16 Jul 2019 06:12:28 GMT" time="65.398" errors="0">
  <testcase name="f" time="65.398" classname="greenfield_pack.Test6_reports"/>
</testsuite> <!-- greenfield_pack.Test6_reports -->
